<?xml version="1.0" encoding="UTF-8"?>
<!-- Generated by org.testng.reporters.JUnitReportReporter -->
<testsuite skipped="0" hostname="DESKTOP-G162LF5" name="WebHandling.ShuterflyHomePage" tests="1" failures="0" timestamp="24 Jul 2020 09:31:58 GMT" time="23.425" errors="0">
  <testcase name="ShutterflyWindoHandle" time="23.425" classname="WebHandling.ShuterflyHomePage"/>
</testsuite> <!-- WebHandling.ShuterflyHomePage -->
